<?xml version="1.0" encoding="UTF-8"?>
<!-- Generated by org.testng.reporters.JUnitXMLReporter -->
<testsuite ignored="0" hostname="IN-75272J3" failures="0" tests="4" name="Amazon Test Cases" time="9.785" errors="0" timestamp="2024-10-13T12:12:14 IST">
  <testcase classname="com.redbus.testcases.AmazLandingPageTest" name="verifyHomePageTitle" time="0.209"/>
  <testcase classname="com.redbus.testcases.CalculatorTest" name="testAdd" time="0.003"/>
  <testcase classname="com.redbus.testcases.CalculatorTest" name="testFailedAdd" time="0.001"/>
  <testcase classname="com.redbus.testcases.CalculatorTest" name="testSub" time="0.002"/>
</testsuite> <!-- Amazon Test Cases -->
