<?xml version="1.0" encoding="UTF-8"?>
<!-- Generated by org.testng.reporters.JUnitXMLReporter -->
<testsuite ignored="0" hostname="IN-75272J3" failures="0" tests="4" name="Amazon Test Cases" time="11.72" errors="0" timestamp="2024-10-13T14:08:12 IST">
  <testcase classname="com.redbus.testcases.AmazLandingPageTest" name="verifyHomePageTitle" time="2.472"/>
  <testcase classname="com.redbus.testcases.CalculatorTest" name="testAdd" time="0.001"/>
  <testcase classname="com.redbus.testcases.CalculatorTest" name="testFailedAdd" time="0.0"/>
  <testcase classname="com.redbus.testcases.CalculatorTest" name="testSub" time="0.0"/>
</testsuite> <!-- Amazon Test Cases -->
