<?xml version="1.0" encoding="UTF-8"?>
<testsuite xmlns:xsi="http://www.w3.org/2001/XMLSchema-instance" xsi:noNamespaceSchemaLocation="https://maven.apache.org/surefire/maven-surefire-plugin/xsd/surefire-test-report-3.0.xsd" version="3.0" name="TestSuite" time="10.891" tests="4" errors="0" skipped="0" failures="0">
  <properties>
[...]
</properties>
  <testcase name="verifyHomePageTitle" classname="com.redbus.testcases.AmazLandingPageTest" time="0.394">
    <system-out><![CDATA[ File Name: Sun_Oct_13_12_13_20_IST_2024.html
Execution of Project Test Started
Amazon Home page Title is: Online Shopping site in India: Shop Online for Mobiles, Books, Watches, Shoes and More - Amazon.in
]]></system-out>
    <system-err><![CDATA[SLF4J: Failed to load class "org.slf4j.impl.StaticLoggerBinder".
SLF4J: Defaulting to no-operation (NOP) logger implementation
SLF4J: See http://www.slf4j.org/codes.html#StaticLoggerBinder for further details.
Oct 13, 2024 12:13:23 PM org.openqa.selenium.devtools.CdpVersionFinder findNearestMatch
WARNING: Unable to find CDP implementation matching 128
Oct 13, 2024 12:13:23 PM org.openqa.selenium.chromium.ChromiumDriver lambda$new$5
WARNING: Unable to find version of CDP to use for 128.0.6613.138. You may need to include a dependency on a specific version of the CDP using something similar to `org.seleniumhq.selenium:selenium-devtools-v86:4.11.0` where the version ("v86") matches the version of the chromium-based browser you're using and the version number of the artifact is the same as Selenium's.
]]></system-err>
  </testcase>
  <testcase name="testAdd" classname="com.redbus.testcases.CalculatorTest" time="0.002">
    <system-out><![CDATA[Add test passed
]]></system-out>
  </testcase>
  <testcase name="testFailedAdd" classname="com.redbus.testcases.CalculatorTest" time="0.003">
    <system-out><![CDATA[Add test failed
]]></system-out>
  </testcase>
  <testcase name="testSub" classname="com.redbus.testcases.CalculatorTest" time="0.001">
    <system-out><![CDATA[Sub test passed
]]></system-out>
  </testcase>
</testsuite>