<?xml version="1.0" encoding="UTF-8"?>
<testng-results ignored="0" total="4" passed="4" failed="0" skipped="0">
  <reporter-output>
  </reporter-output>
  <suite started-at="2024-10-13T12:12:03 IST" name="Suite" finished-at="2024-10-13T12:12:13 IST" duration-ms="9785">
    <groups>
    </groups>
    <test started-at="2024-10-13T12:12:03 IST" name="Amazon Test Cases" finished-at="2024-10-13T12:12:13 IST" duration-ms="9785">
      <class name="com.redbus.testcases.AmazLandingPageTest">
        <test-method is-config="true" signature="setup()[pri:0, instance:com.redbus.testcases.AmazLandingPageTest@2b491fee]" started-at="2024-10-13T12:12:04 IST" name="setup" finished-at="2024-10-13T12:12:12 IST" duration-ms="8260" status="PASS">
          <reporter-output>
          </reporter-output>
        </test-method> <!-- setup -->
        <test-method signature="verifyHomePageTitle()[pri:1, instance:com.redbus.testcases.AmazLandingPageTest@2b491fee]" started-at="2024-10-13T12:12:12 IST" name="verifyHomePageTitle" finished-at="2024-10-13T12:12:12 IST" duration-ms="209" status="PASS">
          <reporter-output>
          </reporter-output>
        </test-method> <!-- verifyHomePageTitle -->
        <test-method is-config="true" signature="tearDown()[pri:0, instance:com.redbus.testcases.AmazLandingPageTest@2b491fee]" started-at="2024-10-13T12:12:12 IST" name="tearDown" finished-at="2024-10-13T12:12:13 IST" duration-ms="879" status="PASS">
          <reporter-output>
          </reporter-output>
        </test-method> <!-- tearDown -->
      </class> <!-- com.redbus.testcases.AmazLandingPageTest -->
      <class name="com.redbus.testcases.CalculatorTest">
        <test-method signature="testAdd()[pri:0, instance:com.redbus.testcases.CalculatorTest@4bf3798b]" started-at="2024-10-13T12:12:13 IST" name="testAdd" finished-at="2024-10-13T12:12:13 IST" duration-ms="3" status="PASS">
          <reporter-output>
          </reporter-output>
        </test-method> <!-- testAdd -->
        <test-method signature="testFailedAdd()[pri:0, instance:com.redbus.testcases.CalculatorTest@4bf3798b]" started-at="2024-10-13T12:12:13 IST" name="testFailedAdd" finished-at="2024-10-13T12:12:13 IST" duration-ms="1" status="PASS">
          <reporter-output>
          </reporter-output>
        </test-method> <!-- testFailedAdd -->
        <test-method signature="testSub()[pri:0, instance:com.redbus.testcases.CalculatorTest@4bf3798b]" started-at="2024-10-13T12:12:13 IST" name="testSub" finished-at="2024-10-13T12:12:13 IST" duration-ms="2" status="PASS">
          <reporter-output>
          </reporter-output>
        </test-method> <!-- testSub -->
      </class> <!-- com.redbus.testcases.CalculatorTest -->
    </test> <!-- Amazon Test Cases -->
  </suite> <!-- Suite -->
</testng-results>
